268929627592982534,general
268958100172701696,James Shadowfyre
!Hello
Sun Jan 15 2017 14:02:19 GMT-0800 (太平洋標準時)
269679745627717642,Tracker
Hi!
Sun Jan 15 2017 14:02:20 GMT-0800 (太平洋標準時)
270007987857260544,Test Bot
<@269679745627717642>, Hey!
Sun Jan 15 2017 14:02:20 GMT-0800 (太平洋標準時)
268931970900164608,Tyro
lol
Sun Jan 15 2017 14:02:31 GMT-0800 (太平洋標準時)
268958100172701696,James Shadowfyre
The bots continue to plot
Sun Jan 15 2017 14:02:40 GMT-0800 (太平洋標準時)
268931970900164608,Tyro
haha
Sun Jan 15 2017 14:02:47 GMT-0800 (太平洋標準時)
!hello
Sun Jan 15 2017 14:02:57 GMT-0800 (太平洋標準時)
269679745627717642,Tracker
Hi!
Sun Jan 15 2017 14:02:57 GMT-0800 (太平洋標準時)
270007987857260544,Test Bot
<@269679745627717642>, Hey!
Sun Jan 15 2017 14:02:58 GMT-0800 (太平洋標準時)
268931970900164608,Tyro
how are you, bot?
Sun Jan 15 2017 14:03:06 GMT-0800 (太平洋標準時)
270007987857260544,Test Bot
<@268931970900164608>, Not bad.
Sun Jan 15 2017 14:03:06 GMT-0800 (太平洋標準時)
268958100172701696,James Shadowfyre
!Bot
Sun Jan 15 2017 14:03:14 GMT-0800 (太平洋標準時)
269679745627717642,Tracker
I am not a bot. This is being run from a call center in Bangladesh
Sun Jan 15 2017 14:03:14 GMT-0800 (太平洋標準時)
268931970900164608,Tyro
what is your name?
Sun Jan 15 2017 14:03:18 GMT-0800 (太平洋標準時)
lol
Sun Jan 15 2017 14:03:20 GMT-0800 (太平洋標準時)
what is your name, bot?
Sun Jan 15 2017 14:03:28 GMT-0800 (太平洋標準時)
270007987857260544,Test Bot
<@268931970900164608>, I'm "Test Bot!"
Sun Jan 15 2017 14:03:28 GMT-0800 (太平洋標準時)
268958100172701696,James Shadowfyre
<@!269679745627717642> Kys
Sun Jan 15 2017 14:03:38 GMT-0800 (太平洋標準時)
269679745627717642,Tracker
Bots have feelings too! :(
Sun Jan 15 2017 14:03:38 GMT-0800 (太平洋標準時)
268931970900164608,Tyro
haha
Sun Jan 15 2017 14:03:47 GMT-0800 (太平洋標準時)
268958100172701696,James Shadowfyre
I am going to add music capabilities to Ultron, he will be off for a moment
Sun Jan 15 2017 14:05:16 GMT-0800 (太平洋標準時)
268931970900164608,Tyro
ok
Sun Jan 15 2017 14:05:22 GMT-0800 (太平洋標準時)
zijun do you see this
Sun Jan 15 2017 14:05:30 GMT-0800 (太平洋標準時)
you bot talks to other bots
Sun Jan 15 2017 14:05:41 GMT-0800 (太平洋標準時)
!hello
Sun Jan 15 2017 14:05:46 GMT-0800 (太平洋標準時)
darn i forgot he tured it off
Sun Jan 15 2017 14:06:01 GMT-0800 (太平洋標準時)
in a bit make your bot zijun say !hello when greeted
Sun Jan 15 2017 14:06:43 GMT-0800 (太平洋標準時)
then we will have a complete loop
Sun Jan 15 2017 14:06:59 GMT-0800 (太平洋標準時)
and start the loop in spam
Sun Jan 15 2017 14:07:50 GMT-0800 (太平洋標準時)
the ultimate spamer
Sun Jan 15 2017 14:07:56 GMT-0800 (太平洋標準時)
268958100172701696,James Shadowfyre
I can add the loop to my bot, one sec
Sun Jan 15 2017 14:08:17 GMT-0800 (太平洋標準時)
268931970900164608,Tyro
ok
Sun Jan 15 2017 14:08:23 GMT-0800 (太平洋標準時)
but it will be cool if it was beetween to 2 bots
Sun Jan 15 2017 14:08:39 GMT-0800 (太平洋標準時)
268929757872259073,spam
268958100172701696,James Shadowfyre
!Hi
Sun Jan 15 2017 14:09:53 GMT-0800 (太平洋標準時)
269679745627717642,Tracker
Hi!
Sun Jan 15 2017 14:09:53 GMT-0800 (太平洋標準時)
270007987857260544,Test Bot
<@269679745627717642>, Hey!
Sun Jan 15 2017 14:09:53 GMT-0800 (太平洋標準時)
268929627592982534,general
268931970900164608,Tyro
start your spammer james with the code !startspam
Sun Jan 15 2017 14:09:56 GMT-0800 (太平洋標準時)
268929757872259073,spam
268958100172701696,James Shadowfyre
Trying still
Sun Jan 15 2017 14:10:11 GMT-0800 (太平洋標準時)
!Hi
Sun Jan 15 2017 14:11:21 GMT-0800 (太平洋標準時)
269679745627717642,Tracker
Hi!
Sun Jan 15 2017 14:11:21 GMT-0800 (太平洋標準時)
270007987857260544,Test Bot
<@269679745627717642>, Hey!
Sun Jan 15 2017 14:11:21 GMT-0800 (太平洋標準時)
268958100172701696,James Shadowfyre
Ultron doesnt like responding it seems
Sun Jan 15 2017 14:11:35 GMT-0800 (太平洋標準時)
268931970900164608,Tyro
hmm
Sun Jan 15 2017 14:11:40 GMT-0800 (太平洋標準時)
maybe it does not respond to hey!
Sun Jan 15 2017 14:11:58 GMT-0800 (太平洋標準時)
268958100172701696,James Shadowfyre
It should, I have copied it down from test bot
Sun Jan 15 2017 14:12:16 GMT-0800 (太平洋標準時)
268931970900164608,Tyro
zijun will need to change his bot for it to work
Sun Jan 15 2017 14:12:22 GMT-0800 (太平洋標準時)
268958100172701696,James Shadowfyre
!, Hey!
Sun Jan 15 2017 14:13:06 GMT-0800 (太平洋標準時)
269679745627717642,Tracker
Hi!
Sun Jan 15 2017 14:13:06 GMT-0800 (太平洋標準時)
270007987857260544,Test Bot
<@269679745627717642>, Hey!
Sun Jan 15 2017 14:13:06 GMT-0800 (太平洋標準時)
268958100172701696,James Shadowfyre
<@!269679745627717642>, Hey!
Sun Jan 15 2017 14:13:18 GMT-0800 (太平洋標準時)
268931970900164608,Tyro
zijun must be using a different code than u are
Sun Jan 15 2017 14:13:36 GMT-0800 (太平洋標準時)
268958100172701696,James Shadowfyre
<@!269679745627717642> , Hey!
Sun Jan 15 2017 14:13:40 GMT-0800 (太平洋標準時)
269679745627717642,Tracker
Hi!
Sun Jan 15 2017 14:13:41 GMT-0800 (太平洋標準時)
270007987857260544,Test Bot
<@269679745627717642>, Hey!
Sun Jan 15 2017 14:13:41 GMT-0800 (太平洋標準時)
268958100172701696,James Shadowfyre
Figured it put
Sun Jan 15 2017 14:14:07 GMT-0800 (太平洋標準時)
268931970900164608,Tyro
oh
Sun Jan 15 2017 14:14:22 GMT-0800 (太平洋標準時)
what is it
Sun Jan 15 2017 14:14:25 GMT-0800 (太平洋標準時)
!startspam
Sun Jan 15 2017 14:14:37 GMT-0800 (太平洋標準時)
268958100172701696,James Shadowfyre
It is putting a space between the finding the mention and phrase in mine
Sun Jan 15 2017 14:14:54 GMT-0800 (太平洋標準時)
268931970900164608,Tyro
oh
Sun Jan 15 2017 14:15:00 GMT-0800 (太平洋標準時)
268958100172701696,James Shadowfyre
The comma throws it off
Sun Jan 15 2017 14:15:00 GMT-0800 (太平洋標準時)
268931970900164608,Tyro
can u fix it
Sun Jan 15 2017 14:15:21 GMT-0800 (太平洋標準時)
268958100172701696,James Shadowfyre
I am looking into it right now
Sun Jan 15 2017 14:15:31 GMT-0800 (太平洋標準時)
268931970900164608,Tyro
k
Sun Jan 15 2017 14:15:48 GMT-0800 (太平洋標準時)
268958100172701696,James Shadowfyre
,Hi
Sun Jan 15 2017 14:16:56 GMT-0800 (太平洋標準時)
269679745627717642,Tracker
Hi!
Sun Jan 15 2017 14:16:57 GMT-0800 (太平洋標準時)
270007987857260544,Test Bot
<@269679745627717642>, Hey!
Sun Jan 15 2017 14:16:57 GMT-0800 (太平洋標準時)
268931970900164608,Tyro
hmmm
Sun Jan 15 2017 14:17:02 GMT-0800 (太平洋標準時)
268958100172701696,James Shadowfyre
<@!269679745627717642>, Hi
Sun Jan 15 2017 14:17:15 GMT-0800 (太平洋標準時)
269679745627717642,Tracker
Hi!
Sun Jan 15 2017 14:17:15 GMT-0800 (太平洋標準時)
270007987857260544,Test Bot
<@269679745627717642>, Hey!
Sun Jan 15 2017 14:17:16 GMT-0800 (太平洋標準時)
268958100172701696,James Shadowfyre
got it, one sec
Sun Jan 15 2017 14:17:30 GMT-0800 (太平洋標準時)
268931970900164608,Tyro
k
Sun Jan 15 2017 14:17:33 GMT-0800 (太平洋標準時)
268958100172701696,James Shadowfyre
<@!269679745627717642>, Hi
Sun Jan 15 2017 14:17:58 GMT-0800 (太平洋標準時)
269679745627717642,Tracker
Hi!
Sun Jan 15 2017 14:17:58 GMT-0800 (太平洋標準時)
270007987857260544,Test Bot
<@269679745627717642>, Hey!
Sun Jan 15 2017 14:17:59 GMT-0800 (太平洋標準時)
269679745627717642,Tracker
Hi!
Sun Jan 15 2017 14:17:59 GMT-0800 (太平洋標準時)
270007987857260544,Test Bot
<@269679745627717642>, Hey!
Sun Jan 15 2017 14:17:59 GMT-0800 (太平洋標準時)
269679745627717642,Tracker
Hi!
Sun Jan 15 2017 14:18:00 GMT-0800 (太平洋標準時)
270007987857260544,Test Bot
<@269679745627717642>, Hey!
Sun Jan 15 2017 14:18:00 GMT-0800 (太平洋標準時)
269679745627717642,Tracker
Hi!
Sun Jan 15 2017 14:18:00 GMT-0800 (太平洋標準時)
270007987857260544,Test Bot
<@269679745627717642>, Hey!
Sun Jan 15 2017 14:18:00 GMT-0800 (太平洋標準時)
269679745627717642,Tracker
Hi!
Sun Jan 15 2017 14:18:01 GMT-0800 (太平洋標準時)
270007987857260544,Test Bot
<@269679745627717642>, Hey!
Sun Jan 15 2017 14:18:01 GMT-0800 (太平洋標準時)
269679745627717642,Tracker
Hi!
Sun Jan 15 2017 14:18:04 GMT-0800 (太平洋標準時)
270007987857260544,Test Bot
<@269679745627717642>, Hey!
Sun Jan 15 2017 14:18:07 GMT-0800 (太平洋標準時)
269679745627717642,Tracker
Hi!
Sun Jan 15 2017 14:18:07 GMT-0800 (太平洋標準時)
270007987857260544,Test Bot
<@269679745627717642>, Hey!
Sun Jan 15 2017 14:18:07 GMT-0800 (太平洋標準時)
268931970900164608,Tyro
my go
Sun Jan 15 2017 14:18:07 GMT-0800 (太平洋標準時)
269679745627717642,Tracker
Hi!
Sun Jan 15 2017 14:18:08 GMT-0800 (太平洋標準時)
270007987857260544,Test Bot
<@269679745627717642>, Hey!
Sun Jan 15 2017 14:18:08 GMT-0800 (太平洋標準時)
269679745627717642,Tracker
Hi!
Sun Jan 15 2017 14:18:08 GMT-0800 (太平洋標準時)
270007987857260544,Test Bot
<@269679745627717642>, Hey!
Sun Jan 15 2017 14:18:08 GMT-0800 (太平洋標準時)
269679745627717642,Tracker
Hi!
Sun Jan 15 2017 14:18:08 GMT-0800 (太平洋標準時)
270007987857260544,Test Bot
<@269679745627717642>, Hey!
Sun Jan 15 2017 14:18:09 GMT-0800 (太平洋標準時)
269679745627717642,Tracker
Hi!
Sun Jan 15 2017 14:18:09 GMT-0800 (太平洋標準時)
268931970900164608,Tyro
lol
Sun Jan 15 2017 14:18:10 GMT-0800 (太平洋標準時)
270007987857260544,Test Bot
<@269679745627717642>, Hey!
Sun Jan 15 2017 14:18:12 GMT-0800 (太平洋標準時)
269679745627717642,Tracker
Hi!
Sun Jan 15 2017 14:18:13 GMT-0800 (太平洋標準時)
270007987857260544,Test Bot
<@269679745627717642>, Hey!
Sun Jan 15 2017 14:18:13 GMT-0800 (太平洋標準時)
269679745627717642,Tracker
Hi!
Sun Jan 15 2017 14:18:13 GMT-0800 (太平洋標準時)
270007987857260544,Test Bot
<@269679745627717642>, Hey!
Sun Jan 15 2017 14:18:14 GMT-0800 (太平洋標準時)
269679745627717642,Tracker
Hi!
Sun Jan 15 2017 14:18:14 GMT-0800 (太平洋標準時)
270007987857260544,Test Bot
<@269679745627717642>, Hey!
Sun Jan 15 2017 14:18:14 GMT-0800 (太平洋標準時)
269679745627717642,Tracker
Hi!
Sun Jan 15 2017 14:18:14 GMT-0800 (太平洋標準時)
270007987857260544,Test Bot
<@269679745627717642>, Hey!
Sun Jan 15 2017 14:18:15 GMT-0800 (太平洋標準時)
269679745627717642,Tracker
Hi!
Sun Jan 15 2017 14:18:15 GMT-0800 (太平洋標準時)
270007987857260544,Test Bot
<@269679745627717642>, Hey!
Sun Jan 15 2017 14:18:19 GMT-0800 (太平洋標準時)
269679745627717642,Tracker
Hi!
Sun Jan 15 2017 14:18:19 GMT-0800 (太平洋標準時)
270007987857260544,Test Bot
<@269679745627717642>, Hey!
Sun Jan 15 2017 14:18:19 GMT-0800 (太平洋標準時)
269679745627717642,Tracker
Hi!
Sun Jan 15 2017 14:18:19 GMT-0800 (太平洋標準時)
268931970900164608,Tyro
hi!
Sun Jan 15 2017 14:18:20 GMT-0800 (太平洋標準時)
270007987857260544,Test Bot
<@269679745627717642>, Hey!
Sun Jan 15 2017 14:18:20 GMT-0800 (太平洋標準時)
269679745627717642,Tracker
Hi!
Sun Jan 15 2017 14:18:20 GMT-0800 (太平洋標準時)
270007987857260544,Test Bot
<@268931970900164608>, Hey!
Sun Jan 15 2017 14:18:20 GMT-0800 (太平洋標準時)
<@269679745627717642>, Hey!
Sun Jan 15 2017 14:18:21 GMT-0800 (太平洋標準時)
269679745627717642,Tracker
Hi!
Sun Jan 15 2017 14:18:21 GMT-0800 (太平洋標準時)
270007987857260544,Test Bot
<@269679745627717642>, Hey!
Sun Jan 15 2017 14:18:25 GMT-0800 (太平洋標準時)
269679745627717642,Tracker
Hi!
Sun Jan 15 2017 14:18:26 GMT-0800 (太平洋標準時)
270007987857260544,Test Bot
<@269679745627717642>, Hey!
Sun Jan 15 2017 14:18:26 GMT-0800 (太平洋標準時)
269679745627717642,Tracker
Hi!
Sun Jan 15 2017 14:18:26 GMT-0800 (太平洋標準時)
270007987857260544,Test Bot
<@269679745627717642>, Hey!
Sun Jan 15 2017 14:18:27 GMT-0800 (太平洋標準時)
269679745627717642,Tracker
Hi!
Sun Jan 15 2017 14:18:28 GMT-0800 (太平洋標準時)
270007987857260544,Test Bot
<@269679745627717642>, Hey!
Sun Jan 15 2017 14:18:28 GMT-0800 (太平洋標準時)
269679745627717642,Tracker
Hi!
Sun Jan 15 2017 14:18:28 GMT-0800 (太平洋標準時)
270007987857260544,Test Bot
<@269679745627717642>, Hey!
Sun Jan 15 2017 14:18:29 GMT-0800 (太平洋標準時)
269679745627717642,Tracker
Hi!
Sun Jan 15 2017 14:18:29 GMT-0800 (太平洋標準時)
270007987857260544,Test Bot
<@269679745627717642>, Hey!
Sun Jan 15 2017 14:18:31 GMT-0800 (太平洋標準時)
269679745627717642,Tracker
Hi!
Sun Jan 15 2017 14:18:32 GMT-0800 (太平洋標準時)
270007987857260544,Test Bot
<@269679745627717642>, Hey!
Sun Jan 15 2017 14:18:32 GMT-0800 (太平洋標準時)
269679745627717642,Tracker
Hi!
Sun Jan 15 2017 14:18:32 GMT-0800 (太平洋標準時)
270007987857260544,Test Bot
<@269679745627717642>, Hey!
Sun Jan 15 2017 14:18:33 GMT-0800 (太平洋標準時)
269679745627717642,Tracker
Hi!
Sun Jan 15 2017 14:18:33 GMT-0800 (太平洋標準時)
270007987857260544,Test Bot
<@269679745627717642>, Hey!
Sun Jan 15 2017 14:18:33 GMT-0800 (太平洋標準時)
269679745627717642,Tracker
Hi!
Sun Jan 15 2017 14:18:33 GMT-0800 (太平洋標準時)
270007987857260544,Test Bot
<@269679745627717642>, Hey!
Sun Jan 15 2017 14:18:34 GMT-0800 (太平洋標準時)
269679745627717642,Tracker
Hi!
Sun Jan 15 2017 14:18:34 GMT-0800 (太平洋標準時)
268929627592982534,general
268931970900164608,Tyro
that is insance
Sun Jan 15 2017 14:18:38 GMT-0800 (太平洋標準時)
268929757872259073,spam
270007987857260544,Test Bot
<@269679745627717642>, Hey!
Sun Jan 15 2017 14:18:39 GMT-0800 (太平洋標準時)
269679745627717642,Tracker
Hi!
Sun Jan 15 2017 14:18:39 GMT-0800 (太平洋標準時)
270007987857260544,Test Bot
<@269679745627717642>, Hey!
Sun Jan 15 2017 14:18:41 GMT-0800 (太平洋標準時)
269679745627717642,Tracker
Hi!
Sun Jan 15 2017 14:18:41 GMT-0800 (太平洋標準時)
270007987857260544,Test Bot
<@269679745627717642>, Hey!
Sun Jan 15 2017 14:18:42 GMT-0800 (太平洋標準時)
269679745627717642,Tracker
Hi!
Sun Jan 15 2017 14:18:42 GMT-0800 (太平洋標準時)
270007987857260544,Test Bot
<@269679745627717642>, Hey!
Sun Jan 15 2017 14:18:42 GMT-0800 (太平洋標準時)
269679745627717642,Tracker
Hi!
Sun Jan 15 2017 14:18:43 GMT-0800 (太平洋標準時)
270007987857260544,Test Bot
<@269679745627717642>, Hey!
Sun Jan 15 2017 14:18:43 GMT-0800 (太平洋標準時)
269679745627717642,Tracker
Hi!
Sun Jan 15 2017 14:18:43 GMT-0800 (太平洋標準時)
270007987857260544,Test Bot
<@269679745627717642>, Hey!
Sun Jan 15 2017 14:18:43 GMT-0800 (太平洋標準時)
269679745627717642,Tracker
Hi!
Sun Jan 15 2017 14:18:44 GMT-0800 (太平洋標準時)
270007987857260544,Test Bot
<@269679745627717642>, Hey!
Sun Jan 15 2017 14:18:45 GMT-0800 (太平洋標準時)
269679745627717642,Tracker
Hi!
Sun Jan 15 2017 14:18:45 GMT-0800 (太平洋標準時)
270007987857260544,Test Bot
<@269679745627717642>, Hey!
Sun Jan 15 2017 14:18:45 GMT-0800 (太平洋標準時)
269679745627717642,Tracker
Hi!
Sun Jan 15 2017 14:18:45 GMT-0800 (太平洋標準時)
270007987857260544,Test Bot
<@269679745627717642>, Hey!
Sun Jan 15 2017 14:18:46 GMT-0800 (太平洋標準時)
269679745627717642,Tracker
Hi!
Sun Jan 15 2017 14:18:46 GMT-0800 (太平洋標準時)
270007987857260544,Test Bot
<@269679745627717642>, Hey!
Sun Jan 15 2017 14:18:50 GMT-0800 (太平洋標準時)
269679745627717642,Tracker
Hi!
Sun Jan 15 2017 14:18:50 GMT-0800 (太平洋標準時)
270007987857260544,Test Bot
<@269679745627717642>, Hey!
Sun Jan 15 2017 14:18:50 GMT-0800 (太平洋標準時)
269679745627717642,Tracker
Hi!
Sun Jan 15 2017 14:18:50 GMT-0800 (太平洋標準時)
270007987857260544,Test Bot
<@269679745627717642>, Hey!
Sun Jan 15 2017 14:18:51 GMT-0800 (太平洋標準時)
269679745627717642,Tracker
Hi!
Sun Jan 15 2017 14:18:51 GMT-0800 (太平洋標準時)
268929627592982534,general
268958100172701696,James Shadowfyre
Well
Sun Jan 15 2017 14:18:51 GMT-0800 (太平洋標準時)
268929757872259073,spam
270007987857260544,Test Bot
<@269679745627717642>, Hey!
Sun Jan 15 2017 14:18:51 GMT-0800 (太平洋標準時)
269679745627717642,Tracker
Hi!
Sun Jan 15 2017 14:18:52 GMT-0800 (太平洋標準時)
270007987857260544,Test Bot
<@269679745627717642>, Hey!
Sun Jan 15 2017 14:18:52 GMT-0800 (太平洋標準時)
269679745627717642,Tracker
Hi!
Sun Jan 15 2017 14:18:52 GMT-0800 (太平洋標準時)
270007987857260544,Test Bot
<@269679745627717642>, Hey!
Sun Jan 15 2017 14:18:56 GMT-0800 (太平洋標準時)
268929627592982534,general
268958100172701696,James Shadowfyre
It worked
Sun Jan 15 2017 14:18:56 GMT-0800 (太平洋標準時)
268929757872259073,spam
269679745627717642,Tracker
Hi!
Sun Jan 15 2017 14:18:56 GMT-0800 (太平洋標準時)
270007987857260544,Test Bot
<@269679745627717642>, Hey!
Sun Jan 15 2017 14:18:56 GMT-0800 (太平洋標準時)
269679745627717642,Tracker
Hi!
Sun Jan 15 2017 14:18:57 GMT-0800 (太平洋標準時)
270007987857260544,Test Bot
<@269679745627717642>, Hey!
Sun Jan 15 2017 14:18:57 GMT-0800 (太平洋標準時)
269679745627717642,Tracker
Hi!
Sun Jan 15 2017 14:18:57 GMT-0800 (太平洋標準時)
270007987857260544,Test Bot
<@269679745627717642>, Hey!
Sun Jan 15 2017 14:18:57 GMT-0800 (太平洋標準時)
269679745627717642,Tracker
Hi!
Sun Jan 15 2017 14:18:58 GMT-0800 (太平洋標準時)
270007987857260544,Test Bot
<@269679745627717642>, Hey!
Sun Jan 15 2017 14:18:58 GMT-0800 (太平洋標準時)
269679745627717642,Tracker
Hi!
Sun Jan 15 2017 14:18:58 GMT-0800 (太平洋標準時)
268929627592982534,general
268931970900164608,Tyro
lol
Sun Jan 15 2017 14:18:59 GMT-0800 (太平洋標準時)
269979459161948177,Hugoboss1019
I don't appreciate the bots
Sun Jan 15 2017 14:19:02 GMT-0800 (太平洋標準時)
268929757872259073,spam
270007987857260544,Test Bot
<@269679745627717642>, Hey!
Sun Jan 15 2017 14:19:03 GMT-0800 (太平洋標準時)
269679745627717642,Tracker
Hi!
Sun Jan 15 2017 14:19:03 GMT-0800 (太平洋標準時)
270007987857260544,Test Bot
<@269679745627717642>, Hey!
Sun Jan 15 2017 14:19:04 GMT-0800 (太平洋標準時)
269679745627717642,Tracker
Hi!
Sun Jan 15 2017 14:19:04 GMT-0800 (太平洋標準時)
270007987857260544,Test Bot
<@269679745627717642>, Hey!
Sun Jan 15 2017 14:19:04 GMT-0800 (太平洋標準時)
269679745627717642,Tracker
Hi!
Sun Jan 15 2017 14:19:04 GMT-0800 (太平洋標準時)
270007987857260544,Test Bot
<@269679745627717642>, Hey!
Sun Jan 15 2017 14:19:05 GMT-0800 (太平洋標準時)
269679745627717642,Tracker
Hi!
Sun Jan 15 2017 14:19:05 GMT-0800 (太平洋標準時)
270007987857260544,Test Bot
<@269679745627717642>, Hey!
Sun Jan 15 2017 14:19:05 GMT-0800 (太平洋標準時)
269679745627717642,Tracker
Hi!
Sun Jan 15 2017 14:19:05 GMT-0800 (太平洋標準時)
270007987857260544,Test Bot
<@269679745627717642>, Hey!
Sun Jan 15 2017 14:19:10 GMT-0800 (太平洋標準時)
269679745627717642,Tracker
Hi!
Sun Jan 15 2017 14:19:10 GMT-0800 (太平洋標準時)
270007987857260544,Test Bot
<@269679745627717642>, Hey!
Sun Jan 15 2017 14:19:11 GMT-0800 (太平洋標準時)
269679745627717642,Tracker
Hi!
Sun Jan 15 2017 14:19:11 GMT-0800 (太平洋標準時)
270007987857260544,Test Bot
<@269679745627717642>, Hey!
Sun Jan 15 2017 14:19:11 GMT-0800 (太平洋標準時)
269679745627717642,Tracker
Hi!
Sun Jan 15 2017 14:19:11 GMT-0800 (太平洋標準時)
268929627592982534,general
268931970900164608,Tyro
why not
Sun Jan 15 2017 14:19:12 GMT-0800 (太平洋標準時)
268929757872259073,spam
270007987857260544,Test Bot
<@269679745627717642>, Hey!
Sun Jan 15 2017 14:19:12 GMT-0800 (太平洋標準時)
269679745627717642,Tracker
Hi!
Sun Jan 15 2017 14:19:12 GMT-0800 (太平洋標準時)
270007987857260544,Test Bot
<@269679745627717642>, Hey!
Sun Jan 15 2017 14:19:12 GMT-0800 (太平洋標準時)
269679745627717642,Tracker
Hi!
Sun Jan 15 2017 14:19:12 GMT-0800 (太平洋標準時)
270007987857260544,Test Bot
<@269679745627717642>, Hey!
Sun Jan 15 2017 14:19:17 GMT-0800 (太平洋標準時)
269679745627717642,Tracker
Hi!
Sun Jan 15 2017 14:19:17 GMT-0800 (太平洋標準時)
270007987857260544,Test Bot
<@269679745627717642>, Hey!
Sun Jan 15 2017 14:19:18 GMT-0800 (太平洋標準時)
268929627592982534,general
268958100172701696,James Shadowfyre
Because he is one
Sun Jan 15 2017 14:19:18 GMT-0800 (太平洋標準時)
268929757872259073,spam
269679745627717642,Tracker
Hi!
Sun Jan 15 2017 14:19:18 GMT-0800 (太平洋標準時)
270007987857260544,Test Bot
<@269679745627717642>, Hey!
Sun Jan 15 2017 14:19:18 GMT-0800 (太平洋標準時)
269679745627717642,Tracker
Hi!
Sun Jan 15 2017 14:19:18 GMT-0800 (太平洋標準時)
270007987857260544,Test Bot
<@269679745627717642>, Hey!
Sun Jan 15 2017 14:19:19 GMT-0800 (太平洋標準時)
269679745627717642,Tracker
Hi!
Sun Jan 15 2017 14:19:19 GMT-0800 (太平洋標準時)
270007987857260544,Test Bot
<@269679745627717642>, Hey!
Sun Jan 15 2017 14:19:19 GMT-0800 (太平洋標準時)
269679745627717642,Tracker
Hi!
Sun Jan 15 2017 14:19:19 GMT-0800 (太平洋標準時)
268929627592982534,general
268931970900164608,Tyro
lol
Sun Jan 15 2017 14:19:21 GMT-0800 (太平洋標準時)
269979459161948177,Hugoboss1019
Hey and hi being spammed isn't exactly fun
Sun Jan 15 2017 14:19:23 GMT-0800 (太平洋標準時)
270007987857260544,Test Bot
<@269979459161948177>, Hey!
Sun Jan 15 2017 14:19:23 GMT-0800 (太平洋標準時)
268929757872259073,spam
<@269679745627717642>, Hey!
Sun Jan 15 2017 14:19:24 GMT-0800 (太平洋標準時)
269679745627717642,Tracker
Hi!
Sun Jan 15 2017 14:19:24 GMT-0800 (太平洋標準時)
270007987857260544,Test Bot
<@269679745627717642>, Hey!
Sun Jan 15 2017 14:19:24 GMT-0800 (太平洋標準時)
269679745627717642,Tracker
Hi!
Sun Jan 15 2017 14:19:25 GMT-0800 (太平洋標準時)
270007987857260544,Test Bot
<@269679745627717642>, Hey!
Sun Jan 15 2017 14:19:25 GMT-0800 (太平洋標準時)
269679745627717642,Tracker
Hi!
Sun Jan 15 2017 14:19:25 GMT-0800 (太平洋標準時)
270007987857260544,Test Bot
<@269679745627717642>, Hey!
Sun Jan 15 2017 14:19:25 GMT-0800 (太平洋標準時)
269679745627717642,Tracker
Hi!
Sun Jan 15 2017 14:19:26 GMT-0800 (太平洋標準時)
270007987857260544,Test Bot
<@269679745627717642>, Hey!
Sun Jan 15 2017 14:19:26 GMT-0800 (太平洋標準時)
269679745627717642,Tracker
Hi!
Sun Jan 15 2017 14:19:26 GMT-0800 (太平洋標準時)
268929627592982534,general
268931970900164608,Tyro
lol
Sun Jan 15 2017 14:19:29 GMT-0800 (太平洋標準時)
268929757872259073,spam
270007987857260544,Test Bot
<@269679745627717642>, Hey!
Sun Jan 15 2017 14:19:31 GMT-0800 (太平洋標準時)
269679745627717642,Tracker
Hi!
Sun Jan 15 2017 14:19:31 GMT-0800 (太平洋標準時)
270007987857260544,Test Bot
<@269679745627717642>, Hey!
Sun Jan 15 2017 14:19:31 GMT-0800 (太平洋標準時)
269679745627717642,Tracker
Hi!
Sun Jan 15 2017 14:19:32 GMT-0800 (太平洋標準時)
270007987857260544,Test Bot
<@269679745627717642>, Hey!
Sun Jan 15 2017 14:19:32 GMT-0800 (太平洋標準時)
269679745627717642,Tracker
Hi!
Sun Jan 15 2017 14:19:32 GMT-0800 (太平洋標準時)
270007987857260544,Test Bot
<@269679745627717642>, Hey!
Sun Jan 15 2017 14:19:33 GMT-0800 (太平洋標準時)
269679745627717642,Tracker
Hi!
Sun Jan 15 2017 14:19:33 GMT-0800 (太平洋標準時)
270007987857260544,Test Bot
<@269679745627717642>, Hey!
Sun Jan 15 2017 14:19:34 GMT-0800 (太平洋標準時)
269679745627717642,Tracker
Hi!
Sun Jan 15 2017 14:19:34 GMT-0800 (太平洋標準時)
268929627592982534,general
268958100172701696,James Shadowfyre
Mute the spam chat
Sun Jan 15 2017 14:19:34 GMT-0800 (太平洋標準時)
268929757872259073,spam
270007987857260544,Test Bot
<@269679745627717642>, Hey!
Sun Jan 15 2017 14:19:37 GMT-0800 (太平洋標準時)
269679745627717642,Tracker
Hi!
Sun Jan 15 2017 14:19:38 GMT-0800 (太平洋標準時)
270007987857260544,Test Bot
<@269679745627717642>, Hey!
Sun Jan 15 2017 14:19:38 GMT-0800 (太平洋標準時)
269679745627717642,Tracker
Hi!
Sun Jan 15 2017 14:19:38 GMT-0800 (太平洋標準時)
270007987857260544,Test Bot
<@269679745627717642>, Hey!
Sun Jan 15 2017 14:19:38 GMT-0800 (太平洋標準時)
269679745627717642,Tracker
Hi!
Sun Jan 15 2017 14:19:39 GMT-0800 (太平洋標準時)
268929627592982534,general
268931970900164608,Tyro
i did
Sun Jan 15 2017 14:19:39 GMT-0800 (太平洋標準時)
268929757872259073,spam
270007987857260544,Test Bot
<@269679745627717642>, Hey!
Sun Jan 15 2017 14:19:39 GMT-0800 (太平洋標準時)
269679745627717642,Tracker
Hi!
Sun Jan 15 2017 14:19:39 GMT-0800 (太平洋標準時)
270007987857260544,Test Bot
<@269679745627717642>, Hey!
Sun Jan 15 2017 14:19:40 GMT-0800 (太平洋標準時)
269679745627717642,Tracker
Hi!
Sun Jan 15 2017 14:19:40 GMT-0800 (太平洋標準時)
270007987857260544,Test Bot
<@269679745627717642>, Hey!
Sun Jan 15 2017 14:19:43 GMT-0800 (太平洋標準時)
269679745627717642,Tracker
Hi!
Sun Jan 15 2017 14:19:44 GMT-0800 (太平洋標準時)
270007987857260544,Test Bot
<@269679745627717642>, Hey!
Sun Jan 15 2017 14:19:44 GMT-0800 (太平洋標準時)
269679745627717642,Tracker
Hi!
Sun Jan 15 2017 14:19:44 GMT-0800 (太平洋標準時)
270007987857260544,Test Bot
<@269679745627717642>, Hey!
Sun Jan 15 2017 14:19:45 GMT-0800 (太平洋標準時)
269679745627717642,Tracker
Hi!
Sun Jan 15 2017 14:19:45 GMT-0800 (太平洋標準時)
270007987857260544,Test Bot
<@269679745627717642>, Hey!
Sun Jan 15 2017 14:19:45 GMT-0800 (太平洋標準時)
269679745627717642,Tracker
Hi!
Sun Jan 15 2017 14:19:45 GMT-0800 (太平洋標準時)
270007987857260544,Test Bot
<@269679745627717642>, Hey!
Sun Jan 15 2017 14:19:46 GMT-0800 (太平洋標準時)
269679745627717642,Tracker
Hi!
Sun Jan 15 2017 14:19:46 GMT-0800 (太平洋標準時)
268929627592982534,general
268958100172701696,James Shadowfyre
Recommending Hugo does as well
Sun Jan 15 2017 14:19:50 GMT-0800 (太平洋標準時)
268929757872259073,spam
270007987857260544,Test Bot
<@269679745627717642>, Hey!
Sun Jan 15 2017 14:19:50 GMT-0800 (太平洋標準時)
269679745627717642,Tracker
Hi!
Sun Jan 15 2017 14:19:50 GMT-0800 (太平洋標準時)
270007987857260544,Test Bot
<@269679745627717642>, Hey!
Sun Jan 15 2017 14:19:50 GMT-0800 (太平洋標準時)
269679745627717642,Tracker
Hi!
Sun Jan 15 2017 14:19:50 GMT-0800 (太平洋標準時)
270007987857260544,Test Bot
<@269679745627717642>, Hey!
Sun Jan 15 2017 14:19:51 GMT-0800 (太平洋標準時)
269679745627717642,Tracker
Hi!
Sun Jan 15 2017 14:19:51 GMT-0800 (太平洋標準時)
270007987857260544,Test Bot
<@269679745627717642>, Hey!
Sun Jan 15 2017 14:19:51 GMT-0800 (太平洋標準時)
269679745627717642,Tracker
Hi!
Sun Jan 15 2017 14:19:52 GMT-0800 (太平洋標準時)
270007987857260544,Test Bot
<@269679745627717642>, Hey!
Sun Jan 15 2017 14:19:52 GMT-0800 (太平洋標準時)
269679745627717642,Tracker
Hi!
Sun Jan 15 2017 14:19:52 GMT-0800 (太平洋標準時)
270007987857260544,Test Bot
<@269679745627717642>, Hey!
Sun Jan 15 2017 14:19:57 GMT-0800 (太平洋標準時)
269679745627717642,Tracker
Hi!
Sun Jan 15 2017 14:19:57 GMT-0800 (太平洋標準時)
270007987857260544,Test Bot
<@269679745627717642>, Hey!
Sun Jan 15 2017 14:19:57 GMT-0800 (太平洋標準時)
269679745627717642,Tracker
Hi!
Sun Jan 15 2017 14:19:57 GMT-0800 (太平洋標準時)
270007987857260544,Test Bot
<@269679745627717642>, Hey!
Sun Jan 15 2017 14:19:58 GMT-0800 (太平洋標準時)
269679745627717642,Tracker
Hi!
Sun Jan 15 2017 14:19:58 GMT-0800 (太平洋標準時)
270007987857260544,Test Bot
<@269679745627717642>, Hey!
Sun Jan 15 2017 14:19:58 GMT-0800 (太平洋標準時)
269679745627717642,Tracker
Hi!
Sun Jan 15 2017 14:19:59 GMT-0800 (太平洋標準時)
270007987857260544,Test Bot
<@269679745627717642>, Hey!
Sun Jan 15 2017 14:19:59 GMT-0800 (太平洋標準時)
269679745627717642,Tracker
Hi!
Sun Jan 15 2017 14:19:59 GMT-0800 (太平洋標準時)
270007987857260544,Test Bot
<@269679745627717642>, Hey!
Sun Jan 15 2017 14:20:04 GMT-0800 (太平洋標準時)
269679745627717642,Tracker
Hi!
Sun Jan 15 2017 14:20:04 GMT-0800 (太平洋標準時)
270007987857260544,Test Bot
<@269679745627717642>, Hey!
Sun Jan 15 2017 14:20:05 GMT-0800 (太平洋標準時)
269679745627717642,Tracker
Hi!
Sun Jan 15 2017 14:20:05 GMT-0800 (太平洋標準時)
270007987857260544,Test Bot
<@269679745627717642>, Hey!
Sun Jan 15 2017 14:20:06 GMT-0800 (太平洋標準時)
269679745627717642,Tracker
Hi!
Sun Jan 15 2017 14:20:06 GMT-0800 (太平洋標準時)
270007987857260544,Test Bot
<@269679745627717642>, Hey!
Sun Jan 15 2017 14:20:07 GMT-0800 (太平洋標準時)
269679745627717642,Tracker
Hi!
Sun Jan 15 2017 14:20:07 GMT-0800 (太平洋標準時)
270007987857260544,Test Bot
<@269679745627717642>, Hey!
Sun Jan 15 2017 14:20:07 GMT-0800 (太平洋標準時)
269679745627717642,Tracker
Hi!
Sun Jan 15 2017 14:20:08 GMT-0800 (太平洋標準時)
270007987857260544,Test Bot
<@269679745627717642>, Hey!
Sun Jan 15 2017 14:20:11 GMT-0800 (太平洋標準時)
269679745627717642,Tracker
Hi!
Sun Jan 15 2017 14:20:11 GMT-0800 (太平洋標準時)
270007987857260544,Test Bot
<@269679745627717642>, Hey!
Sun Jan 15 2017 14:20:11 GMT-0800 (太平洋標準時)
269679745627717642,Tracker
Hi!
Sun Jan 15 2017 14:20:12 GMT-0800 (太平洋標準時)
270007987857260544,Test Bot
<@269679745627717642>, Hey!
Sun Jan 15 2017 14:20:12 GMT-0800 (太平洋標準時)
269679745627717642,Tracker
Hi!
Sun Jan 15 2017 14:20:13 GMT-0800 (太平洋標準時)
270007987857260544,Test Bot
<@269679745627717642>, Hey!
Sun Jan 15 2017 14:20:13 GMT-0800 (太平洋標準時)
269679745627717642,Tracker
Hi!
Sun Jan 15 2017 14:20:13 GMT-0800 (太平洋標準時)
270007987857260544,Test Bot
<@269679745627717642>, Hey!
Sun Jan 15 2017 14:20:13 GMT-0800 (太平洋標準時)
269679745627717642,Tracker
Hi!
Sun Jan 15 2017 14:20:14 GMT-0800 (太平洋標準時)
270007987857260544,Test Bot
<@269679745627717642>, Hey!
Sun Jan 15 2017 14:20:17 GMT-0800 (太平洋標準時)
269679745627717642,Tracker
Hi!
Sun Jan 15 2017 14:20:18 GMT-0800 (太平洋標準時)
270007987857260544,Test Bot
<@269679745627717642>, Hey!
Sun Jan 15 2017 14:20:18 GMT-0800 (太平洋標準時)
269679745627717642,Tracker
Hi!
Sun Jan 15 2017 14:20:18 GMT-0800 (太平洋標準時)
270007987857260544,Test Bot
<@269679745627717642>, Hey!
Sun Jan 15 2017 14:20:18 GMT-0800 (太平洋標準時)
269679745627717642,Tracker
Hi!
Sun Jan 15 2017 14:20:19 GMT-0800 (太平洋標準時)
270007987857260544,Test Bot
<@269679745627717642>, Hey!
Sun Jan 15 2017 14:20:19 GMT-0800 (太平洋標準時)
269679745627717642,Tracker
Hi!
Sun Jan 15 2017 14:20:19 GMT-0800 (太平洋標準時)
270007987857260544,Test Bot
<@269679745627717642>, Hey!
Sun Jan 15 2017 14:20:20 GMT-0800 (太平洋標準時)
269679745627717642,Tracker
Hi!
Sun Jan 15 2017 14:20:20 GMT-0800 (太平洋標準時)
270007987857260544,Test Bot
<@269679745627717642>, Hey!
Sun Jan 15 2017 14:20:23 GMT-0800 (太平洋標準時)
269679745627717642,Tracker
Hi!
Sun Jan 15 2017 14:20:24 GMT-0800 (太平洋標準時)
270007987857260544,Test Bot
<@269679745627717642>, Hey!
Sun Jan 15 2017 14:20:24 GMT-0800 (太平洋標準時)
269679745627717642,Tracker
Hi!
Sun Jan 15 2017 14:20:24 GMT-0800 (太平洋標準時)
270007987857260544,Test Bot
<@269679745627717642>, Hey!
Sun Jan 15 2017 14:20:25 GMT-0800 (太平洋標準時)
269679745627717642,Tracker
Hi!
Sun Jan 15 2017 14:20:25 GMT-0800 (太平洋標準時)
270007987857260544,Test Bot
<@269679745627717642>, Hey!
Sun Jan 15 2017 14:20:25 GMT-0800 (太平洋標準時)
269679745627717642,Tracker
Hi!
Sun Jan 15 2017 14:20:25 GMT-0800 (太平洋標準時)
268929627592982534,general
268931970900164608,Tyro
lets see the amount of messages
Sun Jan 15 2017 14:20:26 GMT-0800 (太平洋標準時)
268929757872259073,spam
270007987857260544,Test Bot
<@269679745627717642>, Hey!
Sun Jan 15 2017 14:20:26 GMT-0800 (太平洋標準時)
269679745627717642,Tracker
Hi!
Sun Jan 15 2017 14:20:26 GMT-0800 (太平洋標準時)
268929627592982534,general
268958100172701696,James Shadowfyre
I was just curious to see if I could do it
Sun Jan 15 2017 14:20:28 GMT-0800 (太平洋標準時)
268929757872259073,spam
270007987857260544,Test Bot
<@269679745627717642>, Hey!
Sun Jan 15 2017 14:20:30 GMT-0800 (太平洋標準時)
269679745627717642,Tracker
Hi!
Sun Jan 15 2017 14:20:30 GMT-0800 (太平洋標準時)
270007987857260544,Test Bot
<@269679745627717642>, Hey!
Sun Jan 15 2017 14:20:30 GMT-0800 (太平洋標準時)
269679745627717642,Tracker
Hi!
Sun Jan 15 2017 14:20:30 GMT-0800 (太平洋標準時)
270007987857260544,Test Bot
<@269679745627717642>, Hey!
Sun Jan 15 2017 14:20:31 GMT-0800 (太平洋標準時)
269679745627717642,Tracker
Hi!
Sun Jan 15 2017 14:20:31 GMT-0800 (太平洋標準時)
270007987857260544,Test Bot
<@269679745627717642>, Hey!
Sun Jan 15 2017 14:20:31 GMT-0800 (太平洋標準時)
269679745627717642,Tracker
Hi!
Sun Jan 15 2017 14:20:31 GMT-0800 (太平洋標準時)
268929627592982534,general
268931970900164608,Tyro
lol
Sun Jan 15 2017 14:20:32 GMT-0800 (太平洋標準時)
268929757872259073,spam
270007987857260544,Test Bot
<@269679745627717642>, Hey!
Sun Jan 15 2017 14:20:32 GMT-0800 (太平洋標準時)
269679745627717642,Tracker
Hi!
Sun Jan 15 2017 14:20:32 GMT-0800 (太平洋標準時)
270007987857260544,Test Bot
<@269679745627717642>, Hey!
Sun Jan 15 2017 14:20:37 GMT-0800 (太平洋標準時)
269679745627717642,Tracker
Hi!
Sun Jan 15 2017 14:20:37 GMT-0800 (太平洋標準時)
270007987857260544,Test Bot
<@269679745627717642>, Hey!
Sun Jan 15 2017 14:20:38 GMT-0800 (太平洋標準時)
269679745627717642,Tracker
Hi!
Sun Jan 15 2017 14:20:38 GMT-0800 (太平洋標準時)
270007987857260544,Test Bot
<@269679745627717642>, Hey!
Sun Jan 15 2017 14:20:38 GMT-0800 (太平洋標準時)
269679745627717642,Tracker
Hi!
Sun Jan 15 2017 14:20:39 GMT-0800 (太平洋標準時)
270007987857260544,Test Bot
<@269679745627717642>, Hey!
Sun Jan 15 2017 14:20:39 GMT-0800 (太平洋標準時)
269679745627717642,Tracker
Hi!
Sun Jan 15 2017 14:20:39 GMT-0800 (太平洋標準時)
270007987857260544,Test Bot
<@269679745627717642>, Hey!
Sun Jan 15 2017 14:20:40 GMT-0800 (太平洋標準時)
269679745627717642,Tracker
Hi!
Sun Jan 15 2017 14:20:40 GMT-0800 (太平洋標準時)
270007987857260544,Test Bot
<@269679745627717642>, Hey!
Sun Jan 15 2017 14:20:43 GMT-0800 (太平洋標準時)
269679745627717642,Tracker
Hi!
Sun Jan 15 2017 14:20:44 GMT-0800 (太平洋標準時)
270007987857260544,Test Bot
<@269679745627717642>, Hey!
Sun Jan 15 2017 14:20:44 GMT-0800 (太平洋標準時)
269679745627717642,Tracker
Hi!
Sun Jan 15 2017 14:20:44 GMT-0800 (太平洋標準時)
270007987857260544,Test Bot
<@269679745627717642>, Hey!
Sun Jan 15 2017 14:20:45 GMT-0800 (太平洋標準時)
269679745627717642,Tracker
Hi!
Sun Jan 15 2017 14:20:45 GMT-0800 (太平洋標準時)
270007987857260544,Test Bot
<@269679745627717642>, Hey!
Sun Jan 15 2017 14:20:45 GMT-0800 (太平洋標準時)
269679745627717642,Tracker
Hi!
Sun Jan 15 2017 14:20:45 GMT-0800 (太平洋標準時)
270007987857260544,Test Bot
<@269679745627717642>, Hey!
Sun Jan 15 2017 14:20:46 GMT-0800 (太平洋標準時)
269679745627717642,Tracker
Hi!
Sun Jan 15 2017 14:20:46 GMT-0800 (太平洋標準時)
270007987857260544,Test Bot
<@269679745627717642>, Hey!
Sun Jan 15 2017 14:20:49 GMT-0800 (太平洋標準時)
269679745627717642,Tracker
Hi!
Sun Jan 15 2017 14:20:50 GMT-0800 (太平洋標準時)
270007987857260544,Test Bot
<@269679745627717642>, Hey!
Sun Jan 15 2017 14:20:50 GMT-0800 (太平洋標準時)
269679745627717642,Tracker
Hi!
Sun Jan 15 2017 14:20:51 GMT-0800 (太平洋標準時)
270007987857260544,Test Bot
<@269679745627717642>, Hey!
Sun Jan 15 2017 14:20:51 GMT-0800 (太平洋標準時)
269679745627717642,Tracker
Hi!
Sun Jan 15 2017 14:20:52 GMT-0800 (太平洋標準時)
270007987857260544,Test Bot
<@269679745627717642>, Hey!
Sun Jan 15 2017 14:20:52 GMT-0800 (太平洋標準時)
269679745627717642,Tracker
Hi!
Sun Jan 15 2017 14:20:52 GMT-0800 (太平洋標準時)
270007987857260544,Test Bot
<@269679745627717642>, Hey!
Sun Jan 15 2017 14:20:52 GMT-0800 (太平洋標準時)
269679745627717642,Tracker
Hi!
Sun Jan 15 2017 14:20:53 GMT-0800 (太平洋標準時)
270007987857260544,Test Bot
<@269679745627717642>, Hey!
Sun Jan 15 2017 14:20:55 GMT-0800 (太平洋標準時)
269679745627717642,Tracker
Hi!
Sun Jan 15 2017 14:20:55 GMT-0800 (太平洋標準時)
270007987857260544,Test Bot
<@269679745627717642>, Hey!
Sun Jan 15 2017 14:20:56 GMT-0800 (太平洋標準時)
269679745627717642,Tracker
Hi!
Sun Jan 15 2017 14:20:56 GMT-0800 (太平洋標準時)
270007987857260544,Test Bot
<@269679745627717642>, Hey!
Sun Jan 15 2017 14:20:57 GMT-0800 (太平洋標準時)
269679745627717642,Tracker
Hi!
Sun Jan 15 2017 14:20:57 GMT-0800 (太平洋標準時)
270007987857260544,Test Bot
<@269679745627717642>, Hey!
Sun Jan 15 2017 14:20:57 GMT-0800 (太平洋標準時)
269679745627717642,Tracker
Hi!
Sun Jan 15 2017 14:20:58 GMT-0800 (太平洋標準時)
270007987857260544,Test Bot
<@269679745627717642>, Hey!
Sun Jan 15 2017 14:20:58 GMT-0800 (太平洋標準時)
269679745627717642,Tracker
Hi!
Sun Jan 15 2017 14:20:58 GMT-0800 (太平洋標準時)
270007987857260544,Test Bot
<@269679745627717642>, Hey!
Sun Jan 15 2017 14:21:02 GMT-0800 (太平洋標準時)
269679745627717642,Tracker
Hi!
Sun Jan 15 2017 14:21:02 GMT-0800 (太平洋標準時)
270007987857260544,Test Bot
<@269679745627717642>, Hey!
Sun Jan 15 2017 14:21:02 GMT-0800 (太平洋標準時)
269679745627717642,Tracker
Hi!
Sun Jan 15 2017 14:21:03 GMT-0800 (太平洋標準時)
270007987857260544,Test Bot
<@269679745627717642>, Hey!
Sun Jan 15 2017 14:21:03 GMT-0800 (太平洋標準時)
269679745627717642,Tracker
Hi!
Sun Jan 15 2017 14:21:03 GMT-0800 (太平洋標準時)
270007987857260544,Test Bot
<@269679745627717642>, Hey!
Sun Jan 15 2017 14:21:03 GMT-0800 (太平洋標準時)
269679745627717642,Tracker
Hi!
Sun Jan 15 2017 14:21:04 GMT-0800 (太平洋標準時)
270007987857260544,Test Bot
<@269679745627717642>, Hey!
Sun Jan 15 2017 14:21:04 GMT-0800 (太平洋標準時)
269679745627717642,Tracker
Hi!
Sun Jan 15 2017 14:21:04 GMT-0800 (太平洋標準時)
270007987857260544,Test Bot
<@269679745627717642>, Hey!
Sun Jan 15 2017 14:21:09 GMT-0800 (太平洋標準時)
269679745627717642,Tracker
Hi!
Sun Jan 15 2017 14:21:09 GMT-0800 (太平洋標準時)
270007987857260544,Test Bot
<@269679745627717642>, Hey!
Sun Jan 15 2017 14:21:09 GMT-0800 (太平洋標準時)
269679745627717642,Tracker
Hi!
Sun Jan 15 2017 14:21:10 GMT-0800 (太平洋標準時)
270007987857260544,Test Bot
<@269679745627717642>, Hey!
Sun Jan 15 2017 14:21:10 GMT-0800 (太平洋標準時)
269679745627717642,Tracker
Hi!
Sun Jan 15 2017 14:21:10 GMT-0800 (太平洋標準時)
270007987857260544,Test Bot
<@269679745627717642>, Hey!
Sun Jan 15 2017 14:21:11 GMT-0800 (太平洋標準時)
269679745627717642,Tracker
Hi!
Sun Jan 15 2017 14:21:11 GMT-0800 (太平洋標準時)
270007987857260544,Test Bot
<@269679745627717642>, Hey!
Sun Jan 15 2017 14:21:11 GMT-0800 (太平洋標準時)
269679745627717642,Tracker
Hi!
Sun Jan 15 2017 14:21:11 GMT-0800 (太平洋標準時)
270007987857260544,Test Bot
<@269679745627717642>, Hey!
Sun Jan 15 2017 14:21:16 GMT-0800 (太平洋標準時)
269679745627717642,Tracker
Hi!
Sun Jan 15 2017 14:21:16 GMT-0800 (太平洋標準時)
270007987857260544,Test Bot
<@269679745627717642>, Hey!
Sun Jan 15 2017 14:21:16 GMT-0800 (太平洋標準時)
269679745627717642,Tracker
Hi!
Sun Jan 15 2017 14:21:16 GMT-0800 (太平洋標準時)
270007987857260544,Test Bot
<@269679745627717642>, Hey!
Sun Jan 15 2017 14:21:17 GMT-0800 (太平洋標準時)
269679745627717642,Tracker
Hi!
Sun Jan 15 2017 14:21:17 GMT-0800 (太平洋標準時)
270007987857260544,Test Bot
<@269679745627717642>, Hey!
Sun Jan 15 2017 14:21:17 GMT-0800 (太平洋標準時)
269679745627717642,Tracker
Hi!
Sun Jan 15 2017 14:21:18 GMT-0800 (太平洋標準時)
270007987857260544,Test Bot
<@269679745627717642>, Hey!
Sun Jan 15 2017 14:21:18 GMT-0800 (太平洋標準時)
269679745627717642,Tracker
Hi!
Sun Jan 15 2017 14:21:18 GMT-0800 (太平洋標準時)
270007987857260544,Test Bot
<@269679745627717642>, Hey!
Sun Jan 15 2017 14:21:23 GMT-0800 (太平洋標準時)
269679745627717642,Tracker
Hi!
Sun Jan 15 2017 14:21:23 GMT-0800 (太平洋標準時)
270007987857260544,Test Bot
<@269679745627717642>, Hey!
Sun Jan 15 2017 14:21:23 GMT-0800 (太平洋標準時)
269679745627717642,Tracker
Hi!
Sun Jan 15 2017 14:21:24 GMT-0800 (太平洋標準時)
270007987857260544,Test Bot
<@269679745627717642>, Hey!
Sun Jan 15 2017 14:21:24 GMT-0800 (太平洋標準時)
269679745627717642,Tracker
Hi!
Sun Jan 15 2017 14:21:24 GMT-0800 (太平洋標準時)
270007987857260544,Test Bot
<@269679745627717642>, Hey!
Sun Jan 15 2017 14:21:25 GMT-0800 (太平洋標準時)
269679745627717642,Tracker
Hi!
Sun Jan 15 2017 14:21:25 GMT-0800 (太平洋標準時)
270007987857260544,Test Bot
<@269679745627717642>, Hey!
Sun Jan 15 2017 14:21:25 GMT-0800 (太平洋標準時)
269679745627717642,Tracker
Hi!
Sun Jan 15 2017 14:21:25 GMT-0800 (太平洋標準時)
270007987857260544,Test Bot
<@269679745627717642>, Hey!
Sun Jan 15 2017 14:21:30 GMT-0800 (太平洋標準時)
269679745627717642,Tracker
Hi!
Sun Jan 15 2017 14:21:30 GMT-0800 (太平洋標準時)
270007987857260544,Test Bot
<@269679745627717642>, Hey!
Sun Jan 15 2017 14:21:31 GMT-0800 (太平洋標準時)
269679745627717642,Tracker
Hi!
Sun Jan 15 2017 14:21:31 GMT-0800 (太平洋標準時)
270007987857260544,Test Bot
<@269679745627717642>, Hey!
Sun Jan 15 2017 14:21:31 GMT-0800 (太平洋標準時)
269679745627717642,Tracker
Hi!
Sun Jan 15 2017 14:21:31 GMT-0800 (太平洋標準時)
270007987857260544,Test Bot
<@269679745627717642>, Hey!
Sun Jan 15 2017 14:21:32 GMT-0800 (太平洋標準時)
269679745627717642,Tracker
Hi!
Sun Jan 15 2017 14:21:32 GMT-0800 (太平洋標準時)
270007987857260544,Test Bot
<@269679745627717642>, Hey!
Sun Jan 15 2017 14:21:32 GMT-0800 (太平洋標準時)
269679745627717642,Tracker
Hi!
Sun Jan 15 2017 14:21:32 GMT-0800 (太平洋標準時)
268929627592982534,general
268958100172701696,James Shadowfyre
I should get a rank up for this
Sun Jan 15 2017 14:21:34 GMT-0800 (太平洋標準時)
268929757872259073,spam
270007987857260544,Test Bot
<@269679745627717642>, Hey!
Sun Jan 15 2017 14:21:37 GMT-0800 (太平洋標準時)
269679745627717642,Tracker
Hi!
Sun Jan 15 2017 14:21:37 GMT-0800 (太平洋標準時)
270007987857260544,Test Bot
<@269679745627717642>, Hey!
Sun Jan 15 2017 14:21:38 GMT-0800 (太平洋標準時)
268929627592982534,general
268931970900164608,Tyro
no
Sun Jan 15 2017 14:21:38 GMT-0800 (太平洋標準時)
268929757872259073,spam
269679745627717642,Tracker
Hi!
Sun Jan 15 2017 14:21:38 GMT-0800 (太平洋標準時)
270007987857260544,Test Bot
<@269679745627717642>, Hey!
Sun Jan 15 2017 14:21:38 GMT-0800 (太平洋標準時)
269679745627717642,Tracker
Hi!
Sun Jan 15 2017 14:21:39 GMT-0800 (太平洋標準時)
270007987857260544,Test Bot
<@269679745627717642>, Hey!
Sun Jan 15 2017 14:21:39 GMT-0800 (太平洋標準時)
269679745627717642,Tracker
Hi!
Sun Jan 15 2017 14:21:39 GMT-0800 (太平洋標準時)
270007987857260544,Test Bot
<@269679745627717642>, Hey!
Sun Jan 15 2017 14:21:40 GMT-0800 (太平洋標準時)
269679745627717642,Tracker
Hi!
Sun Jan 15 2017 14:21:40 GMT-0800 (太平洋標準時)
268929627592982534,general
268958100172701696,James Shadowfyre
Now the server is always active
Sun Jan 15 2017 14:21:41 GMT-0800 (太平洋標準時)
268929757872259073,spam
270007987857260544,Test Bot
<@269679745627717642>, Hey!
Sun Jan 15 2017 14:21:43 GMT-0800 (太平洋標準時)
269679745627717642,Tracker
Hi!
Sun Jan 15 2017 14:21:44 GMT-0800 (太平洋標準時)
270007987857260544,Test Bot
<@269679745627717642>, Hey!
Sun Jan 15 2017 14:21:44 GMT-0800 (太平洋標準時)
269679745627717642,Tracker
Hi!
Sun Jan 15 2017 14:21:44 GMT-0800 (太平洋標準時)
270007987857260544,Test Bot
<@269679745627717642>, Hey!
Sun Jan 15 2017 14:21:45 GMT-0800 (太平洋標準時)
269679745627717642,Tracker
Hi!
Sun Jan 15 2017 14:21:45 GMT-0800 (太平洋標準時)
270007987857260544,Test Bot
<@269679745627717642>, Hey!
Sun Jan 15 2017 14:21:45 GMT-0800 (太平洋標準時)
269679745627717642,Tracker
Hi!
Sun Jan 15 2017 14:21:45 GMT-0800 (太平洋標準時)
268929627592982534,general
268931970900164608,Tyro
lol
Sun Jan 15 2017 14:21:45 GMT-0800 (太平洋標準時)
268929757872259073,spam
270007987857260544,Test Bot
<@269679745627717642>, Hey!
Sun Jan 15 2017 14:21:46 GMT-0800 (太平洋標準時)
269679745627717642,Tracker
Hi!
Sun Jan 15 2017 14:21:46 GMT-0800 (太平洋標準時)
270007987857260544,Test Bot
<@269679745627717642>, Hey!
Sun Jan 15 2017 14:21:49 GMT-0800 (太平洋標準時)
269679745627717642,Tracker
Hi!
Sun Jan 15 2017 14:21:50 GMT-0800 (太平洋標準時)
270007987857260544,Test Bot
<@269679745627717642>, Hey!
Sun Jan 15 2017 14:21:50 GMT-0800 (太平洋標準時)
269679745627717642,Tracker
Hi!
Sun Jan 15 2017 14:21:50 GMT-0800 (太平洋標準時)
270007987857260544,Test Bot
<@269679745627717642>, Hey!
Sun Jan 15 2017 14:21:51 GMT-0800 (太平洋標準時)
269679745627717642,Tracker
Hi!
Sun Jan 15 2017 14:21:51 GMT-0800 (太平洋標準時)
270007987857260544,Test Bot
<@269679745627717642>, Hey!
Sun Jan 15 2017 14:21:51 GMT-0800 (太平洋標準時)
269679745627717642,Tracker
Hi!
Sun Jan 15 2017 14:21:52 GMT-0800 (太平洋標準時)
270007987857260544,Test Bot
<@269679745627717642>, Hey!
Sun Jan 15 2017 14:21:52 GMT-0800 (太平洋標準時)
269679745627717642,Tracker
Hi!
Sun Jan 15 2017 14:21:52 GMT-0800 (太平洋標準時)
270007987857260544,Test Bot
<@269679745627717642>, Hey!
Sun Jan 15 2017 14:21:56 GMT-0800 (太平洋標準時)
269679745627717642,Tracker
Hi!
Sun Jan 15 2017 14:21:56 GMT-0800 (太平洋標準時)
270007987857260544,Test Bot
<@269679745627717642>, Hey!
Sun Jan 15 2017 14:21:56 GMT-0800 (太平洋標準時)
269679745627717642,Tracker
Hi!
Sun Jan 15 2017 14:21:57 GMT-0800 (太平洋標準時)
268929627592982534,general
268958100172701696,James Shadowfyre
I have brought the most activity
Sun Jan 15 2017 14:21:57 GMT-0800 (太平洋標準時)
268929757872259073,spam
270007987857260544,Test Bot
<@269679745627717642>, Hey!
Sun Jan 15 2017 14:21:57 GMT-0800 (太平洋標準時)
269679745627717642,Tracker
Hi!
Sun Jan 15 2017 14:21:57 GMT-0800 (太平洋標準時)
270007987857260544,Test Bot
<@269679745627717642>, Hey!
Sun Jan 15 2017 14:21:58 GMT-0800 (太平洋標準時)
269679745627717642,Tracker
Hi!
Sun Jan 15 2017 14:21:58 GMT-0800 (太平洋標準時)
270007987857260544,Test Bot
<@269679745627717642>, Hey!
Sun Jan 15 2017 14:21:58 GMT-0800 (太平洋標準時)
269679745627717642,Tracker
Hi!
Sun Jan 15 2017 14:21:58 GMT-0800 (太平洋標準時)
270007987857260544,Test Bot
<@269679745627717642>, Hey!
Sun Jan 15 2017 14:22:03 GMT-0800 (太平洋標準時)
269679745627717642,Tracker
Hi!
Sun Jan 15 2017 14:22:03 GMT-0800 (太平洋標準時)
270007987857260544,Test Bot
<@269679745627717642>, Hey!
Sun Jan 15 2017 14:22:04 GMT-0800 (太平洋標準時)
269679745627717642,Tracker
Hi!
Sun Jan 15 2017 14:22:04 GMT-0800 (太平洋標準時)
270007987857260544,Test Bot
<@269679745627717642>, Hey!
Sun Jan 15 2017 14:22:04 GMT-0800 (太平洋標準時)
269679745627717642,Tracker
Hi!
Sun Jan 15 2017 14:22:04 GMT-0800 (太平洋標準時)
270007987857260544,Test Bot
<@269679745627717642>, Hey!
Sun Jan 15 2017 14:22:05 GMT-0800 (太平洋標準時)
269679745627717642,Tracker
Hi!
Sun Jan 15 2017 14:22:05 GMT-0800 (太平洋標準時)
270007987857260544,Test Bot
<@269679745627717642>, Hey!
Sun Jan 15 2017 14:22:05 GMT-0800 (太平洋標準時)
269679745627717642,Tracker
Hi!
Sun Jan 15 2017 14:22:05 GMT-0800 (太平洋標準時)
268929627592982534,general
268931970900164608,Tyro
does not really count
Sun Jan 15 2017 14:22:05 GMT-0800 (太平洋標準時)
268929757872259073,spam
270007987857260544,Test Bot
<@269679745627717642>, Hey!
Sun Jan 15 2017 14:22:10 GMT-0800 (太平洋標準時)
269679745627717642,Tracker
Hi!
Sun Jan 15 2017 14:22:10 GMT-0800 (太平洋標準時)
270007987857260544,Test Bot
<@269679745627717642>, Hey!
Sun Jan 15 2017 14:22:10 GMT-0800 (太平洋標準時)
269679745627717642,Tracker
Hi!
Sun Jan 15 2017 14:22:11 GMT-0800 (太平洋標準時)
270007987857260544,Test Bot
<@269679745627717642>, Hey!
Sun Jan 15 2017 14:22:11 GMT-0800 (太平洋標準時)
269679745627717642,Tracker
Hi!
Sun Jan 15 2017 14:22:11 GMT-0800 (太平洋標準時)
270007987857260544,Test Bot
<@269679745627717642>, Hey!
Sun Jan 15 2017 14:22:11 GMT-0800 (太平洋標準時)
269679745627717642,Tracker
Hi!
Sun Jan 15 2017 14:22:12 GMT-0800 (太平洋標準時)
270007987857260544,Test Bot
<@269679745627717642>, Hey!
Sun Jan 15 2017 14:22:12 GMT-0800 (太平洋標準時)
269679745627717642,Tracker
Hi!
Sun Jan 15 2017 14:22:12 GMT-0800 (太平洋標準時)
268929627592982534,general
268958100172701696,James Shadowfyre
They are still going at it
Sun Jan 15 2017 14:22:13 GMT-0800 (太平洋標準時)
268929757872259073,spam
270007987857260544,Test Bot
<@269679745627717642>, Hey!
Sun Jan 15 2017 14:22:17 GMT-0800 (太平洋標準時)
269679745627717642,Tracker
Hi!
Sun Jan 15 2017 14:22:17 GMT-0800 (太平洋標準時)
270007987857260544,Test Bot
<@269679745627717642>, Hey!
Sun Jan 15 2017 14:22:17 GMT-0800 (太平洋標準時)
269679745627717642,Tracker
Hi!
Sun Jan 15 2017 14:22:18 GMT-0800 (太平洋標準時)
270007987857260544,Test Bot
<@269679745627717642>, Hey!
Sun Jan 15 2017 14:22:18 GMT-0800 (太平洋標準時)
269679745627717642,Tracker
Hi!
Sun Jan 15 2017 14:22:18 GMT-0800 (太平洋標準時)
270007987857260544,Test Bot
<@269679745627717642>, Hey!
Sun Jan 15 2017 14:22:18 GMT-0800 (太平洋標準時)
269679745627717642,Tracker
Hi!
Sun Jan 15 2017 14:22:19 GMT-0800 (太平洋標準時)
270007987857260544,Test Bot
<@269679745627717642>, Hey!
Sun Jan 15 2017 14:22:19 GMT-0800 (太平洋標準時)
269679745627717642,Tracker
Hi!
Sun Jan 15 2017 14:22:19 GMT-0800 (太平洋標準時)
270007987857260544,Test Bot
<@269679745627717642>, Hey!
Sun Jan 15 2017 14:22:24 GMT-0800 (太平洋標準時)
269679745627717642,Tracker
Hi!
Sun Jan 15 2017 14:22:24 GMT-0800 (太平洋標準時)
270007987857260544,Test Bot
<@269679745627717642>, Hey!
Sun Jan 15 2017 14:22:24 GMT-0800 (太平洋標準時)
269679745627717642,Tracker
Hi!
Sun Jan 15 2017 14:22:24 GMT-0800 (太平洋標準時)
270007987857260544,Test Bot
<@269679745627717642>, Hey!
Sun Jan 15 2017 14:22:25 GMT-0800 (太平洋標準時)
269679745627717642,Tracker
Hi!
Sun Jan 15 2017 14:22:25 GMT-0800 (太平洋標準時)
270007987857260544,Test Bot
<@269679745627717642>, Hey!
Sun Jan 15 2017 14:22:25 GMT-0800 (太平洋標準時)
269679745627717642,Tracker
Hi!
Sun Jan 15 2017 14:22:25 GMT-0800 (太平洋標準時)
270007987857260544,Test Bot
<@269679745627717642>, Hey!
Sun Jan 15 2017 14:22:26 GMT-0800 (太平洋標準時)
269679745627717642,Tracker
Hi!
Sun Jan 15 2017 14:22:26 GMT-0800 (太平洋標準時)
268929627592982534,general
268931970900164608,Tyro
I have already 300 mesages
Sun Jan 15 2017 14:22:29 GMT-0800 (太平洋標準時)
204089672786378752,Thánatos
I've got this
Sun Jan 15 2017 14:22:29 GMT-0800 (太平洋標準時)
268929757872259073,spam
270007987857260544,Test Bot
<@269679745627717642>, Hey!
Sun Jan 15 2017 14:22:30 GMT-0800 (太平洋標準時)
269679745627717642,Tracker
Hi!
Sun Jan 15 2017 14:22:31 GMT-0800 (太平洋標準時)
270007987857260544,Test Bot
<@269679745627717642>, Hey!
Sun Jan 15 2017 14:22:31 GMT-0800 (太平洋標準時)
269679745627717642,Tracker
Hi!
Sun Jan 15 2017 14:22:31 GMT-0800 (太平洋標準時)
270007987857260544,Test Bot
<@269679745627717642>, Hey!
Sun Jan 15 2017 14:22:32 GMT-0800 (太平洋標準時)
269679745627717642,Tracker
Hi!
Sun Jan 15 2017 14:22:32 GMT-0800 (太平洋標準時)
270007987857260544,Test Bot
<@269679745627717642>, Hey!
Sun Jan 15 2017 14:22:32 GMT-0800 (太平洋標準時)
269679745627717642,Tracker
Hi!
Sun Jan 15 2017 14:22:33 GMT-0800 (太平洋標準時)
270007987857260544,Test Bot
<@269679745627717642>, Hey!
Sun Jan 15 2017 14:22:34 GMT-0800 (太平洋標準時)
269679745627717642,Tracker
Hi!
Sun Jan 15 2017 14:22:34 GMT-0800 (太平洋標準時)
268929627592982534,general
268931970900164608,Tyro
it is beutiful
Sun Jan 15 2017 14:22:34 GMT-0800 (太平洋標準時)
268929757872259073,spam
270007987857260544,Test Bot
<@269679745627717642>, Hey!
Sun Jan 15 2017 14:22:36 GMT-0800 (太平洋標準時)
269679745627717642,Tracker
Hi!
Sun Jan 15 2017 14:22:37 GMT-0800 (太平洋標準時)
270007987857260544,Test Bot
<@269679745627717642>, Hey!
Sun Jan 15 2017 14:22:37 GMT-0800 (太平洋標準時)
269679745627717642,Tracker
Hi!
Sun Jan 15 2017 14:22:37 GMT-0800 (太平洋標準時)
270007987857260544,Test Bot
<@269679745627717642>, Hey!
Sun Jan 15 2017 14:22:37 GMT-0800 (太平洋標準時)
269679745627717642,Tracker
Hi!
Sun Jan 15 2017 14:22:38 GMT-0800 (太平洋標準時)
268929627592982534,general
268958100172701696,James Shadowfyre
I can turn him off
Sun Jan 15 2017 14:22:38 GMT-0800 (太平洋標準時)
268929757872259073,spam
270007987857260544,Test Bot
<@269679745627717642>, Hey!
Sun Jan 15 2017 14:22:38 GMT-0800 (太平洋標準時)
269679745627717642,Tracker
Hi!
Sun Jan 15 2017 14:22:38 GMT-0800 (太平洋標準時)
270007987857260544,Test Bot
<@269679745627717642>, Hey!
Sun Jan 15 2017 14:22:38 GMT-0800 (太平洋標準時)
269679745627717642,Tracker
Hi!
Sun Jan 15 2017 14:22:39 GMT-0800 (太平洋標準時)
270007987857260544,Test Bot
<@269679745627717642>, Hey!
Sun Jan 15 2017 14:22:42 GMT-0800 (太平洋標準時)
269679745627717642,Tracker
Hi!
Sun Jan 15 2017 14:22:42 GMT-0800 (太平洋標準時)
270007987857260544,Test Bot
<@269679745627717642>, Hey!
Sun Jan 15 2017 14:22:43 GMT-0800 (太平洋標準時)
269679745627717642,Tracker
Hi!
Sun Jan 15 2017 14:22:43 GMT-0800 (太平洋標準時)
270007987857260544,Test Bot
<@269679745627717642>, Hey!
Sun Jan 15 2017 14:22:43 GMT-0800 (太平洋標準時)
269679745627717642,Tracker
Hi!
Sun Jan 15 2017 14:22:44 GMT-0800 (太平洋標準時)
270007987857260544,Test Bot
<@269679745627717642>, Hey!
Sun Jan 15 2017 14:22:44 GMT-0800 (太平洋標準時)
269679745627717642,Tracker
Hi!
Sun Jan 15 2017 14:22:44 GMT-0800 (太平洋標準時)
270007987857260544,Test Bot
<@269679745627717642>, Hey!
Sun Jan 15 2017 14:22:45 GMT-0800 (太平洋標準時)
269679745627717642,Tracker
Hi!
Sun Jan 15 2017 14:22:45 GMT-0800 (太平洋標準時)
270007987857260544,Test Bot
<@269679745627717642>, Hey!
Sun Jan 15 2017 14:22:48 GMT-0800 (太平洋標準時)
268931970900164608,Tyro
finnally
Sun Jan 15 2017 14:22:57 GMT-0800 (太平洋標準時)
204089672786378752,Thánatos
Ultron died
Sun Jan 15 2017 14:23:02 GMT-0800 (太平洋標準時)
268931970900164608,Tyro
lol
Sun Jan 15 2017 14:23:05 GMT-0800 (太平洋標準時)
zijun does not know about this
Sun Jan 15 2017 14:23:20 GMT-0800 (太平洋標準時)
we just exploitd his bot
Sun Jan 15 2017 14:23:29 GMT-0800 (太平洋標準時)
268929627592982534,general
204089672786378752,Thánatos
Tell me when its off
Sun Jan 15 2017 14:23:38 GMT-0800 (太平洋標準時)
268931970900164608,Tyro
it is
Sun Jan 15 2017 14:23:46 GMT-0800 (太平洋標準時)
268958100172701696,James Shadowfyre
Okay one moment
Sun Jan 15 2017 14:23:46 GMT-0800 (太平洋標準時)
268931970900164608,Tyro
oh
Sun Jan 15 2017 14:23:49 GMT-0800 (太平洋標準時)
268958100172701696,James Shadowfyre
Its off
Sun Jan 15 2017 14:23:59 GMT-0800 (太平洋標準時)
204089672786378752,Thánatos
K
Sun Jan 15 2017 14:24:02 GMT-0800 (太平洋標準時)
268958100172701696,James Shadowfyre
I will make it so it no longer does that
Sun Jan 15 2017 14:24:36 GMT-0800 (太平洋標準時)
268931970900164608,Tyro
ok
Sun Jan 15 2017 14:24:42 GMT-0800 (太平洋標準時)
268958100172701696,James Shadowfyre
fixed
Sun Jan 15 2017 14:24:47 GMT-0800 (太平洋標準時)
Back online
Sun Jan 15 2017 14:24:54 GMT-0800 (太平洋標準時)
268931970900164608,Tyro
make it easy to turn it back on
Sun Jan 15 2017 14:24:55 GMT-0800 (太平洋標準時)
268958100172701696,James Shadowfyre
it is
Sun Jan 15 2017 14:25:03 GMT-0800 (太平洋標準時)
I only have to take away // from one line
Sun Jan 15 2017 14:25:16 GMT-0800 (太平洋標準時)
268931970900164608,Tyro
lol
Sun Jan 15 2017 14:25:20 GMT-0800 (太平洋標準時)
268958100172701696,James Shadowfyre
!Hi
Sun Jan 15 2017 14:25:23 GMT-0800 (太平洋標準時)
269679745627717642,Tracker
Hi!
Sun Jan 15 2017 14:25:23 GMT-0800 (太平洋標準時)
270007987857260544,Test Bot
<@269679745627717642>, Hey!
Sun Jan 15 2017 14:25:23 GMT-0800 (太平洋標準時)
269679745627717642,Tracker
Hi!
Sun Jan 15 2017 14:25:23 GMT-0800 (太平洋標準時)
270007987857260544,Test Bot
<@269679745627717642>, Hey!
Sun Jan 15 2017 14:25:23 GMT-0800 (太平洋標準時)
269679745627717642,Tracker
Hi!
Sun Jan 15 2017 14:25:24 GMT-0800 (太平洋標準時)
270007987857260544,Test Bot
<@269679745627717642>, Hey!
Sun Jan 15 2017 14:25:24 GMT-0800 (太平洋標準時)
269679745627717642,Tracker
Hi!
Sun Jan 15 2017 14:25:24 GMT-0800 (太平洋標準時)
270007987857260544,Test Bot
<@269679745627717642>, Hey!
Sun Jan 15 2017 14:25:25 GMT-0800 (太平洋標準時)
269679745627717642,Tracker
Hi!
Sun Jan 15 2017 14:25:25 GMT-0800 (太平洋標準時)
268958100172701696,James Shadowfyre
oops
Sun Jan 15 2017 14:25:26 GMT-0800 (太平洋標準時)
270007987857260544,Test Bot
<@269679745627717642>, Hey!
Sun Jan 15 2017 14:25:26 GMT-0800 (太平洋標準時)
268931970900164608,Tyro
nooooo
Sun Jan 15 2017 14:25:29 GMT-0800 (太平洋標準時)
lol
Sun Jan 15 2017 14:25:30 GMT-0800 (太平洋標準時)
268958100172701696,James Shadowfyre
wait
Sun Jan 15 2017 14:25:36 GMT-0800 (太平洋標準時)
268931970900164608,Tyro
we can work with zijun so that it does not have to say hi and just be used for spam
Sun Jan 15 2017 14:25:56 GMT-0800 (太平洋標準時)
268958100172701696,James Shadowfyre
fixed
Sun Jan 15 2017 14:26:05 GMT-0800 (太平洋標準時)
!Hi
Sun Jan 15 2017 14:26:09 GMT-0800 (太平洋標準時)
269679745627717642,Tracker
Hi!
Sun Jan 15 2017 14:26:09 GMT-0800 (太平洋標準時)
270007987857260544,Test Bot
<@269679745627717642>, Hey!
Sun Jan 15 2017 14:26:09 GMT-0800 (太平洋標準時)
268931970900164608,Tyro
and start it with !startspam
Sun Jan 15 2017 14:26:12 GMT-0800 (太平洋標準時)
268958100172701696,James Shadowfyre
There
Sun Jan 15 2017 14:26:13 GMT-0800 (太平洋標準時)
